flutter-chat-sdk/react-native-flutter-chat/android/build/intermediates/manifest_merge_blame_file/debug/manifest-merger-blame-debug-report.txt
1<?xml version="1.0" encoding="utf-8"?>
2<manifest xmlns:android="http://schemas.android.com/apk/res/android"
3    package="com.flutterchat.sdk" >
4
5    <uses-sdk android:minSdkVersion="21" />
6
7    <application>
7-->src\main\AndroidManifest.xml:5:5-18:19
8
9        <!--
10            FlutterChatActivity is declared HERE in the SDK manifest.
11            Do NOT declare it again in the host RN app's manifest.
12            Android's manifest merger will include this automatically.
13        -->
14        <activity
14-->src\main\AndroidManifest.xml:11:9-17:58
15            android:name="com.flutterchat.sdk.FlutterChatActivity"
15-->src\main\AndroidManifest.xml:12:13-67
16            android:configChanges="orientation|keyboardHidden|keyboard|screenSize|locale|layoutDirection|fontScale|screenLayout|density|uiMode"
16-->src\main\AndroidManifest.xml:13:13-144
17            android:exported="false"
17-->src\main\AndroidManifest.xml:14:13-37
18            android:hardwareAccelerated="true"
18-->src\main\AndroidManifest.xml:15:13-47
19            android:theme="@style/FlutterChatTheme"
19-->src\main\AndroidManifest.xml:16:13-52
20            android:windowSoftInputMode="adjustResize" />
20-->src\main\AndroidManifest.xml:17:13-55
21    </application>
22
23</manifest>